0 info it worked if it ends with ok
1 verbose cli [ '/usr/bin/nodejs', '/usr/bin/npm', 'run', 'devstart' ]
2 info using npm@3.5.2
3 info using node@v4.2.6
4 verbose run-script [ 'predevstart', 'devstart', 'postdevstart' ]
5 info lifecycle map-calculator@0.0.0~predevstart: map-calculator@0.0.0
6 silly lifecycle map-calculator@0.0.0~predevstart: no script for predevstart, continuing
7 info lifecycle map-calculator@0.0.0~devstart: map-calculator@0.0.0
8 verbose lifecycle map-calculator@0.0.0~devstart: unsafe-perm in lifecycle true
9 verbose lifecycle map-calculator@0.0.0~devstart: PATH: /usr/share/npm/bin/node-gyp-bin:/home/test/Documents/classification-evaluator/node_modules/.bin:/home/test/bin:/home/test/.local/bin:/usr/local/sbin:/usr/local/bin:/usr/sbin:/usr/bin:/sbin:/bin:/usr/games:/usr/local/games:/snap/bin
10 verbose lifecycle map-calculator@0.0.0~devstart: CWD: /home/test/Documents/classification-evaluator
11 silly lifecycle map-calculator@0.0.0~devstart: Args: [ '-c', 'nodemon ./bin/www' ]
12 info lifecycle map-calculator@0.0.0~devstart: Failed to exec devstart script
13 verbose stack Error: map-calculator@0.0.0 devstart: `nodemon ./bin/www`
13 verbose stack spawn ENOENT
13 verbose stack     at ChildProcess.<anonymous> (/usr/share/npm/lib/utils/spawn.js:17:16)
13 verbose stack     at emitTwo (events.js:87:13)
13 verbose stack     at ChildProcess.emit (events.js:172:7)
13 verbose stack     at maybeClose (internal/child_process.js:821:16)
13 verbose stack     at Process.ChildProcess._handle.onexit (internal/child_process.js:211:5)
14 verbose pkgid map-calculator@0.0.0
15 verbose cwd /home/test/Documents/classification-evaluator
16 error Linux 4.15.0-58-generic
17 error argv "/usr/bin/nodejs" "/usr/bin/npm" "run" "devstart"
18 error node v4.2.6
19 error npm  v3.5.2
20 error file sh
21 error code ELIFECYCLE
22 error errno ENOENT
23 error syscall spawn
24 error map-calculator@0.0.0 devstart: `nodemon ./bin/www`
24 error spawn ENOENT
25 error Failed at the map-calculator@0.0.0 devstart script 'nodemon ./bin/www'.
25 error Make sure you have the latest version of node.js and npm installed.
25 error If you do, this is most likely a problem with the map-calculator package,
25 error not with npm itself.
25 error Tell the author that this fails on your system:
25 error     nodemon ./bin/www
25 error You can get information on how to open an issue for this project with:
25 error     npm bugs map-calculator
25 error Or if that isn't available, you can get their info via:
25 error     npm owner ls map-calculator
25 error There is likely additional logging output above.
26 verbose exit [ 1, true ]
